2017-11-03 18:03:59 INFO  XMLParse_Main:54 - all string constant/properties initilised successfully							
2017-11-03 18:03:59 INFO  XMLParse_Main:123 - ComplianceProject main method invoked followed with its constructor code execution at... 2017-11-03 18-03-59							
2017-11-03 18:03:59 INFO  InitiateXMLReadWrite:55 - program InitiateXMLReadWrite start date time--2017/11/03 18:03:59							
2017-11-03 18:03:59 INFO  InitiateXMLReadWrite:56 - program InitiateXMLReadWrite start milisecond --1509712439276							
2017-11-03 18:03:59 INFO  InitiateXMLReadWrite:547 - ------------transforXMLs method start..................							
2017-11-03 18:03:59 INFO  InitiateXMLReadWrite:41 - Parsing source csv input/Agile input data starts after referring  : --------------- C:\workspace\AgileComplianceJavaProject\SourceXMLs\SubstanceGroup_Substance_CAS.csv							
2017-11-03 18:03:59 INFO  InitiateXMLReadWrite:58 - Parsing source csv input/Agile input data ends after referring  : --------------- C:\workspace\AgileComplianceJavaProject\SourceXMLs\SubstanceGroup_Substance_CAS.csv							
2017-11-03 18:03:59 INFO  InitiateXMLReadWrite:59 - Creating map from CSV input/Agile Input starts ------------------ --------------- 							
2017-11-03 18:03:59 INFO  InitiateXMLReadWrite:102 - Creating map from CSV input/Agile Input ends with TotalExecutionTime :: ------------------0.02500							
2017-11-03 18:03:59 INFO  InitiateXMLReadWrite:103 - CSV input/Agile Input map : hmCasNum_SubstanceInfo :: size :: ------------------ 808							
2017-11-03 18:03:59 INFO  SubstanceSearch:34 - connecting to Agile Session...							
2017-11-03 18:04:50 INFO  SubstanceSearch:43 - Agile Session obtained successfully...com.agile.api.pc.Session@727803de							
2017-11-03 18:04:50 INFO  InitiateXMLReadWrite:599 - 	INFO::	XML_Dom_Transformation_StartsFor	FeedFile_Row1.xml				
2017-11-03 18:04:50 INFO  InitiateXMLReadWrite:392 - 	INFO::	Material_Transformation_StartsFor	FeedFile_Row1.xml	Passivation film-148			
2017-11-03 18:04:50 INFO  InitiateXMLReadWrite:239 - 	INFO::	Level2_Sustance_Detachment_CompletedFor	FeedFile_Row1.xml	Passivation film-148	25038-59-9		
2017-11-03 18:04:50 INFO  InitiateXMLReadWrite:140 - 	INFO::	Substance_LevelCorrection_CompletedFor	FeedFile_Row1.xml	Passivation film-148	2	Polyethylene terephthalate (PET)	3
2017-11-03 18:04:50 INFO  InitiateXMLReadWrite:242 - 	INFO::	Level2_Substance_MovementTo_Existing_SubsGrp_CompletedFor	FeedFile_Row1.xml	Passivation film-148	25038-59-9	ANTIMONY AND ANTIMONY COMPOUNDS	
2017-11-03 18:04:50 INFO  InitiateXMLReadWrite:253 - 	INFO::	Level2_Sustance_Detachment_CompletedFor	FeedFile_Row1.xml	Passivation film-148	Level2SubNewUniqueGrpCreationTest2		
2017-11-03 18:04:50 INFO  InitiateXMLReadWrite:140 - 	INFO::	Substance_LevelCorrection_CompletedFor	FeedFile_Row1.xml	Passivation film-148	2	Level2SubNewUniqueGrpCreationTest2	3
2017-11-03 18:04:50 INFO  InitiateXMLReadWrite:253 - 	INFO::	Level2_Sustance_Detachment_CompletedFor	FeedFile_Row1.xml	Passivation film-148	Level2SubNewUniqueGrpCreationTest1		
2017-11-03 18:04:50 INFO  InitiateXMLReadWrite:140 - 	INFO::	Substance_LevelCorrection_CompletedFor	FeedFile_Row1.xml	Passivation film-148	2	Level2SubNewUniqueGrpCreationTest1	3
2017-11-03 18:04:50 INFO  InitiateXMLReadWrite:305 - 	INFO::	Level3_Sustance_Detachment_CompletedFor	FeedFile_Row1.xml	Passivation film-148	SubstGrpTest1	ANTIMONY AND ANTIMONY COMPOUNDS	
2017-11-03 18:04:50 INFO  InitiateXMLReadWrite:140 - 	INFO::	Substance_LevelCorrection_CompletedFor	FeedFile_Row1.xml	Passivation film-148	3	SubstGrpTest1	2
2017-11-03 18:04:50 INFO  InitiateXMLReadWrite:308 - 	INFO::	Level3_Substance_MovementTo_MaterialNode_CompletedFor	FeedFile_Row1.xml	Passivation film-148	SubstGrpTest1		
2017-11-03 18:04:50 INFO  InitiateXMLReadWrite:155 - 	INFO::	Substance_ReNaming_CompletedFor	FeedFile_Row1.xml	Passivation film-148	SubstGrpTest2	SubstGrpTestChangeNameTest	
2017-11-03 18:04:50 INFO  InitiateXMLReadWrite:315 - 	INFO::	Level3_Sustance_Detachment_CompletedFor	FeedFile_Row1.xml	Passivation film-148	SubstGrpTest3	ANTIMONY AND ANTIMONY COMPOUNDS	
2017-11-03 18:04:50 INFO  InitiateXMLReadWrite:140 - 	INFO::	Substance_LevelCorrection_CompletedFor	FeedFile_Row1.xml	Passivation film-148	3	SubstGrpTest3	3
2017-11-03 18:04:50 INFO  InitiateXMLReadWrite:315 - 	INFO::	Level3_Sustance_Detachment_CompletedFor	FeedFile_Row1.xml	Passivation film-148	SubstGrpTest4	ToBeEmptySubGroup	
2017-11-03 18:04:50 INFO  InitiateXMLReadWrite:140 - 	INFO::	Substance_LevelCorrection_CompletedFor	FeedFile_Row1.xml	Passivation film-148	3	SubstGrpTest4	3
2017-11-03 18:04:50 INFO  InitiateXMLReadWrite:315 - 	INFO::	Level3_Sustance_Detachment_CompletedFor	FeedFile_Row1.xml	Passivation film-148	SubstGrpTest5	ToBeEmptySubGroup	
2017-11-03 18:04:50 INFO  InitiateXMLReadWrite:135 - 	INFO::	Substance_ReNaming_CompletedFor	FeedFile_Row1.xml	Passivation film-148	SubstGrpTest5	SubstGrpTestChangeNameTest2	
2017-11-03 18:04:50 INFO  InitiateXMLReadWrite:140 - 	INFO::	Substance_LevelCorrection_CompletedFor	FeedFile_Row1.xml	Passivation film-148	3	SubstGrpTestChangeNameTest2	3
2017-11-03 18:04:50 INFO  InitiateXMLReadWrite:338 - 	INFO::	Empty_SubstanceGroup_Deletetion_CompletedFor	FeedFile_Row1.xml	Passivation film-148	ToBeEmptySubGroup		
2017-11-03 18:04:50 INFO  InitiateXMLReadWrite:195 - 	INFO::	NewSubstanceGroup_HavingChildNode_CompletedFor	FeedFile_Row1.xml	Passivation film-148	CreateGrpTest2	"[SubstGrpTest3, SubstGrpTest4, SubstGrpTestChangeNameTest2]"	
2017-11-03 18:04:50 INFO  InitiateXMLReadWrite:195 - 	INFO::	NewSubstanceGroup_HavingChildNode_CompletedFor	FeedFile_Row1.xml	Passivation film-148	commonGrpForLevel2Sub	"[Level2SubNewUniqueGrpCreationTest2, Level2SubNewUniqueGrpCreationTest1]"	
2017-11-03 18:04:50 INFO  InitiateXMLReadWrite:396 - 	INFO::	Material_Transformation_EndsFor	FeedFile_Row1.xml	Passivation film-148			
2017-11-03 18:04:50 INFO  InitiateXMLReadWrite:392 - 	INFO::	Material_Transformation_StartsFor	FeedFile_Row1.xml	Protect film-962			
2017-11-03 18:04:50 INFO  InitiateXMLReadWrite:239 - 	INFO::	Level2_Sustance_Detachment_CompletedFor	FeedFile_Row1.xml	Protect film-962	25038-59-9		
2017-11-03 18:04:50 INFO  InitiateXMLReadWrite:140 - 	INFO::	Substance_LevelCorrection_CompletedFor	FeedFile_Row1.xml	Protect film-962	2	Polyethylene terephthalate (PET)	3
2017-11-03 18:04:50 INFO  InitiateXMLReadWrite:242 - 	INFO::	Level2_Substance_MovementTo_Existing_SubsGrp_CompletedFor	FeedFile_Row1.xml	Protect film-962	25038-59-9	ANTIMONY AND ANTIMONY COMPOUNDS	
2017-11-03 18:04:50 INFO  InitiateXMLReadWrite:239 - 	INFO::	Level2_Sustance_Detachment_CompletedFor	FeedFile_Row1.xml	Protect film-962	MISC		
2017-11-03 18:04:50 INFO  InitiateXMLReadWrite:140 - 	INFO::	Substance_LevelCorrection_CompletedFor	FeedFile_Row1.xml	Protect film-962	2	"Misc., not to declare"	3
2017-11-03 18:04:50 INFO  InitiateXMLReadWrite:242 - 	INFO::	Level2_Substance_MovementTo_Existing_SubsGrp_CompletedFor	FeedFile_Row1.xml	Protect film-962	MISC	ANTIMONY AND ANTIMONY COMPOUNDS	
2017-11-03 18:04:50 INFO  InitiateXMLReadWrite:253 - 	INFO::	Level2_Sustance_Detachment_CompletedFor	FeedFile_Row1.xml	Protect film-962	TestCasNo2		
2017-11-03 18:04:50 INFO  InitiateXMLReadWrite:140 - 	INFO::	Substance_LevelCorrection_CompletedFor	FeedFile_Row1.xml	Protect film-962	2	TestSubstance2	3
2017-11-03 18:04:50 INFO  InitiateXMLReadWrite:239 - 	INFO::	Level2_Sustance_Detachment_CompletedFor	FeedFile_Row1.xml	Protect film-962	TestCasNo1		
2017-11-03 18:04:50 INFO  InitiateXMLReadWrite:135 - 	INFO::	Substance_ReNaming_CompletedFor	FeedFile_Row1.xml	Protect film-962	modifySubstanceTest4234234	modifySubstanceTest1	
2017-11-03 18:04:50 INFO  InitiateXMLReadWrite:140 - 	INFO::	Substance_LevelCorrection_CompletedFor	FeedFile_Row1.xml	Protect film-962	2	modifySubstanceTest1	3
2017-11-03 18:04:50 INFO  InitiateXMLReadWrite:242 - 	INFO::	Level2_Substance_MovementTo_Existing_SubsGrp_CompletedFor	FeedFile_Row1.xml	Protect film-962	TestCasNo1	ANTIMONY AND ANTIMONY COMPOUNDS	
2017-11-03 18:04:50 INFO  InitiateXMLReadWrite:155 - 	INFO::	Substance_ReNaming_CompletedFor	FeedFile_Row1.xml	Protect film-962	modifySubstanceTest4234234	modifySubstanceTest0	
2017-11-03 18:04:50 INFO  InitiateXMLReadWrite:195 - 	INFO::	NewSubstanceGroup_HavingChildNode_CompletedFor	FeedFile_Row1.xml	Protect film-962	CreateGrpTest	[TestSubstance2]	
2017-11-03 18:04:50 INFO  InitiateXMLReadWrite:396 - 	INFO::	Material_Transformation_EndsFor	FeedFile_Row1.xml	Protect film-962			
2017-11-03 18:06:16 INFO  InitiateXMLReadWrite:655 - 	INFO::	XML_Dom_Transformation_EndsFor	FeedFile_Row1.xml				
2017-11-03 18:06:16 INFO  InitiateXMLReadWrite:599 - 	INFO::	XML_Dom_Transformation_StartsFor	FeedFile_Row2.xml				
2017-11-03 18:06:16 INFO  InitiateXMLReadWrite:392 - 	INFO::	Material_Transformation_StartsFor	FeedFile_Row2.xml	Passivation film-148			
2017-11-03 18:06:16 INFO  InitiateXMLReadWrite:239 - 	INFO::	Level2_Sustance_Detachment_CompletedFor	FeedFile_Row2.xml	Passivation film-148	25038-59-9		
2017-11-03 18:06:16 INFO  InitiateXMLReadWrite:140 - 	INFO::	Substance_LevelCorrection_CompletedFor	FeedFile_Row2.xml	Passivation film-148	2	Polyethylene terephthalate (PET)	3
2017-11-03 18:06:16 INFO  InitiateXMLReadWrite:242 - 	INFO::	Level2_Substance_MovementTo_Existing_SubsGrp_CompletedFor	FeedFile_Row2.xml	Passivation film-148	25038-59-9	ANTIMONY AND ANTIMONY COMPOUNDS	
2017-11-03 18:06:16 INFO  InitiateXMLReadWrite:396 - 	INFO::	Material_Transformation_EndsFor	FeedFile_Row2.xml	Passivation film-148			
2017-11-03 18:06:16 INFO  InitiateXMLReadWrite:392 - 	INFO::	Material_Transformation_StartsFor	FeedFile_Row2.xml	Protect film-962			
2017-11-03 18:06:16 INFO  InitiateXMLReadWrite:239 - 	INFO::	Level2_Sustance_Detachment_CompletedFor	FeedFile_Row2.xml	Protect film-962	25038-59-9		
2017-11-03 18:06:16 INFO  InitiateXMLReadWrite:140 - 	INFO::	Substance_LevelCorrection_CompletedFor	FeedFile_Row2.xml	Protect film-962	2	Polyethylene terephthalate (PET)	3
2017-11-03 18:06:16 INFO  InitiateXMLReadWrite:242 - 	INFO::	Level2_Substance_MovementTo_Existing_SubsGrp_CompletedFor	FeedFile_Row2.xml	Protect film-962	25038-59-9	ANTIMONY AND ANTIMONY COMPOUNDS	
2017-11-03 18:06:16 INFO  InitiateXMLReadWrite:239 - 	INFO::	Level2_Sustance_Detachment_CompletedFor	FeedFile_Row2.xml	Protect film-962	MISC		
2017-11-03 18:06:16 INFO  InitiateXMLReadWrite:140 - 	INFO::	Substance_LevelCorrection_CompletedFor	FeedFile_Row2.xml	Protect film-962	2	"Misc., not to declare"	3
2017-11-03 18:06:16 INFO  InitiateXMLReadWrite:242 - 	INFO::	Level2_Substance_MovementTo_Existing_SubsGrp_CompletedFor	FeedFile_Row2.xml	Protect film-962	MISC	ANTIMONY AND ANTIMONY COMPOUNDS	
2017-11-03 18:06:16 INFO  InitiateXMLReadWrite:253 - 	INFO::	Level2_Sustance_Detachment_CompletedFor	FeedFile_Row2.xml	Protect film-962	TestCasNo2		
2017-11-03 18:06:16 INFO  InitiateXMLReadWrite:140 - 	INFO::	Substance_LevelCorrection_CompletedFor	FeedFile_Row2.xml	Protect film-962	2	TestSubstance2	3
2017-11-03 18:06:16 INFO  InitiateXMLReadWrite:239 - 	INFO::	Level2_Sustance_Detachment_CompletedFor	FeedFile_Row2.xml	Protect film-962	TestCasNo1		
2017-11-03 18:06:16 INFO  InitiateXMLReadWrite:135 - 	INFO::	Substance_ReNaming_CompletedFor	FeedFile_Row2.xml	Protect film-962	modifySubstanceTest4234234	modifySubstanceTest1	
2017-11-03 18:06:16 INFO  InitiateXMLReadWrite:140 - 	INFO::	Substance_LevelCorrection_CompletedFor	FeedFile_Row2.xml	Protect film-962	2	modifySubstanceTest1	3
2017-11-03 18:06:16 INFO  InitiateXMLReadWrite:242 - 	INFO::	Level2_Substance_MovementTo_Existing_SubsGrp_CompletedFor	FeedFile_Row2.xml	Protect film-962	TestCasNo1	ANTIMONY AND ANTIMONY COMPOUNDS	
2017-11-03 18:06:16 INFO  InitiateXMLReadWrite:155 - 	INFO::	Substance_ReNaming_CompletedFor	FeedFile_Row2.xml	Protect film-962	modifySubstanceTest4234234	modifySubstanceTest0	
2017-11-03 18:06:16 INFO  InitiateXMLReadWrite:195 - 	INFO::	NewSubstanceGroup_HavingChildNode_CompletedFor	FeedFile_Row2.xml	Protect film-962	CreateGrpTest	[TestSubstance2]	
2017-11-03 18:06:16 INFO  InitiateXMLReadWrite:396 - 	INFO::	Material_Transformation_EndsFor	FeedFile_Row2.xml	Protect film-962			
2017-11-03 18:06:16 INFO  InitiateXMLReadWrite:655 - 	INFO::	XML_Dom_Transformation_EndsFor	FeedFile_Row2.xml				
2017-11-03 18:06:16 INFO  InitiateXMLReadWrite:599 - 	INFO::	XML_Dom_Transformation_StartsFor	FeedFile_Row3.xml				
2017-11-03 18:06:16 INFO  InitiateXMLReadWrite:392 - 	INFO::	Material_Transformation_StartsFor	FeedFile_Row3.xml	Passivation film-148			
2017-11-03 18:06:16 INFO  InitiateXMLReadWrite:239 - 	INFO::	Level2_Sustance_Detachment_CompletedFor	FeedFile_Row3.xml	Passivation film-148	25038-59-9		
2017-11-03 18:06:16 INFO  InitiateXMLReadWrite:140 - 	INFO::	Substance_LevelCorrection_CompletedFor	FeedFile_Row3.xml	Passivation film-148	2	Polyethylene terephthalate (PET)	3
2017-11-03 18:06:16 INFO  InitiateXMLReadWrite:242 - 	INFO::	Level2_Substance_MovementTo_Existing_SubsGrp_CompletedFor	FeedFile_Row3.xml	Passivation film-148	25038-59-9	ANTIMONY AND ANTIMONY COMPOUNDS	
2017-11-03 18:06:16 INFO  InitiateXMLReadWrite:264 - 	ERROR::	XML/DOM Transformation skipped due to CASNumber NOTFound In Agile for	FeedFile_Row3.xml	Passivation film-148	25133-97-5		
2017-11-03 18:06:16 INFO  InitiateXMLReadWrite:396 - 	INFO::	Material_Transformation_EndsFor	FeedFile_Row3.xml	Passivation film-148			
2017-11-03 18:06:16 INFO  InitiateXMLReadWrite:655 - 	INFO::	XML_Dom_Transformation_EndsFor	FeedFile_Row3.xml				
2017-11-03 18:06:16 INFO  InitiateXMLReadWrite:599 - 	INFO::	XML_Dom_Transformation_StartsFor	FeedFile_Row4.xml				
2017-11-03 18:06:16 INFO  InitiateXMLReadWrite:392 - 	INFO::	Material_Transformation_StartsFor	FeedFile_Row4.xml	Passivation film-148			
2017-11-03 18:06:16 INFO  InitiateXMLReadWrite:239 - 	INFO::	Level2_Sustance_Detachment_CompletedFor	FeedFile_Row4.xml	Passivation film-148	25038-59-9		
2017-11-03 18:06:16 INFO  InitiateXMLReadWrite:140 - 	INFO::	Substance_LevelCorrection_CompletedFor	FeedFile_Row4.xml	Passivation film-148	2	Polyethylene terephthalate (PET)	3
2017-11-03 18:06:16 INFO  InitiateXMLReadWrite:242 - 	INFO::	Level2_Substance_MovementTo_Existing_SubsGrp_CompletedFor	FeedFile_Row4.xml	Passivation film-148	25038-59-9	ANTIMONY AND ANTIMONY COMPOUNDS	
2017-11-03 18:06:16 INFO  InitiateXMLReadWrite:253 - 	INFO::	Level2_Sustance_Detachment_CompletedFor	FeedFile_Row4.xml	Passivation film-148	Level2SubNewUniqueGrpCreationTest2		
2017-11-03 18:06:16 INFO  InitiateXMLReadWrite:140 - 	INFO::	Substance_LevelCorrection_CompletedFor	FeedFile_Row4.xml	Passivation film-148	2	Level2SubNewUniqueGrpCreationTest2	3
2017-11-03 18:06:16 INFO  InitiateXMLReadWrite:253 - 	INFO::	Level2_Sustance_Detachment_CompletedFor	FeedFile_Row4.xml	Passivation film-148	Level2SubNewUniqueGrpCreationTest1		
2017-11-03 18:06:16 INFO  InitiateXMLReadWrite:140 - 	INFO::	Substance_LevelCorrection_CompletedFor	FeedFile_Row4.xml	Passivation film-148	2	Level2SubNewUniqueGrpCreationTest1	3
2017-11-03 18:06:16 INFO  InitiateXMLReadWrite:305 - 	INFO::	Level3_Sustance_Detachment_CompletedFor	FeedFile_Row4.xml	Passivation film-148	SubstGrpTest1	ANTIMONY AND ANTIMONY COMPOUNDS	
2017-11-03 18:06:16 INFO  InitiateXMLReadWrite:140 - 	INFO::	Substance_LevelCorrection_CompletedFor	FeedFile_Row4.xml	Passivation film-148	3	SubstGrpTest1	2
2017-11-03 18:06:16 INFO  InitiateXMLReadWrite:308 - 	INFO::	Level3_Substance_MovementTo_MaterialNode_CompletedFor	FeedFile_Row4.xml	Passivation film-148	SubstGrpTest1		
2017-11-03 18:06:16 INFO  InitiateXMLReadWrite:155 - 	INFO::	Substance_ReNaming_CompletedFor	FeedFile_Row4.xml	Passivation film-148	SubstGrpTest2	SubstGrpTestChangeNameTest	
2017-11-03 18:06:16 INFO  InitiateXMLReadWrite:315 - 	INFO::	Level3_Sustance_Detachment_CompletedFor	FeedFile_Row4.xml	Passivation film-148	SubstGrpTest3	ANTIMONY AND ANTIMONY COMPOUNDS	
2017-11-03 18:06:16 INFO  InitiateXMLReadWrite:140 - 	INFO::	Substance_LevelCorrection_CompletedFor	FeedFile_Row4.xml	Passivation film-148	3	SubstGrpTest3	3
2017-11-03 18:06:16 INFO  InitiateXMLReadWrite:315 - 	INFO::	Level3_Sustance_Detachment_CompletedFor	FeedFile_Row4.xml	Passivation film-148	SubstGrpTest4	ToBeEmptySubGroup	
2017-11-03 18:06:16 INFO  InitiateXMLReadWrite:140 - 	INFO::	Substance_LevelCorrection_CompletedFor	FeedFile_Row4.xml	Passivation film-148	3	SubstGrpTest4	3
2017-11-03 18:06:16 INFO  InitiateXMLReadWrite:315 - 	INFO::	Level3_Sustance_Detachment_CompletedFor	FeedFile_Row4.xml	Passivation film-148	SubstGrpTest5	ToBeEmptySubGroup	
2017-11-03 18:06:16 INFO  InitiateXMLReadWrite:135 - 	INFO::	Substance_ReNaming_CompletedFor	FeedFile_Row4.xml	Passivation film-148	SubstGrpTest5	SubstGrpTestChangeNameTest2	
2017-11-03 18:06:16 INFO  InitiateXMLReadWrite:140 - 	INFO::	Substance_LevelCorrection_CompletedFor	FeedFile_Row4.xml	Passivation film-148	3	SubstGrpTestChangeNameTest2	3
2017-11-03 18:06:16 INFO  InitiateXMLReadWrite:338 - 	INFO::	Empty_SubstanceGroup_Deletetion_CompletedFor	FeedFile_Row4.xml	Passivation film-148	ToBeEmptySubGroup		
2017-11-03 18:06:16 INFO  InitiateXMLReadWrite:195 - 	INFO::	NewSubstanceGroup_HavingChildNode_CompletedFor	FeedFile_Row4.xml	Passivation film-148	CreateGrpTest2	"[SubstGrpTest3, SubstGrpTest4, SubstGrpTestChangeNameTest2]"	
2017-11-03 18:06:16 INFO  InitiateXMLReadWrite:195 - 	INFO::	NewSubstanceGroup_HavingChildNode_CompletedFor	FeedFile_Row4.xml	Passivation film-148	commonGrpForLevel2Sub	"[Level2SubNewUniqueGrpCreationTest2, Level2SubNewUniqueGrpCreationTest1]"	
2017-11-03 18:06:16 INFO  InitiateXMLReadWrite:396 - 	INFO::	Material_Transformation_EndsFor	FeedFile_Row4.xml	Passivation film-148			
2017-11-03 18:06:16 INFO  InitiateXMLReadWrite:392 - 	INFO::	Material_Transformation_StartsFor	FeedFile_Row4.xml	Protect film-962			
2017-11-03 18:06:16 INFO  InitiateXMLReadWrite:239 - 	INFO::	Level2_Sustance_Detachment_CompletedFor	FeedFile_Row4.xml	Protect film-962	25038-59-9		
2017-11-03 18:06:16 INFO  InitiateXMLReadWrite:140 - 	INFO::	Substance_LevelCorrection_CompletedFor	FeedFile_Row4.xml	Protect film-962	2	Polyethylene terephthalate (PET)	3
2017-11-03 18:06:16 INFO  InitiateXMLReadWrite:242 - 	INFO::	Level2_Substance_MovementTo_Existing_SubsGrp_CompletedFor	FeedFile_Row4.xml	Protect film-962	25038-59-9	ANTIMONY AND ANTIMONY COMPOUNDS	
2017-11-03 18:06:16 INFO  InitiateXMLReadWrite:239 - 	INFO::	Level2_Sustance_Detachment_CompletedFor	FeedFile_Row4.xml	Protect film-962	MISC		
2017-11-03 18:06:16 INFO  InitiateXMLReadWrite:140 - 	INFO::	Substance_LevelCorrection_CompletedFor	FeedFile_Row4.xml	Protect film-962	2	"Misc., not to declare"	3
2017-11-03 18:06:16 INFO  InitiateXMLReadWrite:242 - 	INFO::	Level2_Substance_MovementTo_Existing_SubsGrp_CompletedFor	FeedFile_Row4.xml	Protect film-962	MISC	ANTIMONY AND ANTIMONY COMPOUNDS	
2017-11-03 18:06:16 INFO  InitiateXMLReadWrite:253 - 	INFO::	Level2_Sustance_Detachment_CompletedFor	FeedFile_Row4.xml	Protect film-962	TestCasNo2		
2017-11-03 18:06:16 INFO  InitiateXMLReadWrite:140 - 	INFO::	Substance_LevelCorrection_CompletedFor	FeedFile_Row4.xml	Protect film-962	2	TestSubstance2	3
2017-11-03 18:06:16 INFO  InitiateXMLReadWrite:239 - 	INFO::	Level2_Sustance_Detachment_CompletedFor	FeedFile_Row4.xml	Protect film-962	TestCasNo1		
2017-11-03 18:06:16 INFO  InitiateXMLReadWrite:135 - 	INFO::	Substance_ReNaming_CompletedFor	FeedFile_Row4.xml	Protect film-962	modifySubstanceTest4234234	modifySubstanceTest1	
2017-11-03 18:06:16 INFO  InitiateXMLReadWrite:140 - 	INFO::	Substance_LevelCorrection_CompletedFor	FeedFile_Row4.xml	Protect film-962	2	modifySubstanceTest1	3
2017-11-03 18:06:16 INFO  InitiateXMLReadWrite:242 - 	INFO::	Level2_Substance_MovementTo_Existing_SubsGrp_CompletedFor	FeedFile_Row4.xml	Protect film-962	TestCasNo1	ANTIMONY AND ANTIMONY COMPOUNDS	
2017-11-03 18:06:16 INFO  InitiateXMLReadWrite:155 - 	INFO::	Substance_ReNaming_CompletedFor	FeedFile_Row4.xml	Protect film-962	modifySubstanceTest4234234	modifySubstanceTest0	
2017-11-03 18:06:16 INFO  InitiateXMLReadWrite:195 - 	INFO::	NewSubstanceGroup_HavingChildNode_CompletedFor	FeedFile_Row4.xml	Protect film-962	CreateGrpTest	[TestSubstance2]	
2017-11-03 18:06:16 INFO  InitiateXMLReadWrite:396 - 	INFO::	Material_Transformation_EndsFor	FeedFile_Row4.xml	Protect film-962			
2017-11-03 18:06:44 INFO  InitiateXMLReadWrite:655 - 	INFO::	XML_Dom_Transformation_EndsFor	FeedFile_Row4.xml				
2017-11-03 18:06:44 INFO  InitiateXMLReadWrite:599 - 	INFO::	XML_Dom_Transformation_StartsFor	FeedFile_Row5.xml				
2017-11-03 18:06:44 INFO  InitiateXMLReadWrite:78 - 	ERROR::	Document Reading skipped due to Exception in method getSAXParsedDocument while parsing xml	C:\workspace\AgileComplianceJavaProject\SourceXMLs\\FeedFile_Row5.xml				
2017-11-03 18:06:44 INFO  InitiateXMLReadWrite:79 - 	ERROR::	Stractrace	C:\workspace\AgileComplianceJavaProject\SourceXMLs\FeedFile_Row5.xml (The system cannot find the file specified)				
2017-11-03 18:06:44 INFO  InitiateXMLReadWrite:655 - 	INFO::	XML_Dom_Transformation_EndsFor	FeedFile_Row5.xml				
2017-11-03 18:06:44 INFO  InitiateXMLReadWrite:662 - program InitiateXML.ReadWrite end date time--2017/11/03 18:03:59							
2017-11-03 18:06:44 INFO  InitiateXMLReadWrite:664 - program InitiateXML.ReadWrite completedIn milisecond --165643							
2017-11-03 18:06:44 INFO  InitiateXMLReadWrite:671 - ------------transforXMLs method end..................							
2017-11-03 18:06:44 INFO  XMLParse_Main:128 - ComplianceProject main method ends at- 2017-11-03 18-06-44							
